lambda_u: 100.00, lambda_v: 10.00, dimension: 50, dropout_rate: 0.20, emb_dim: 50, max_len: 300, model_type: CNN_KAN
num_kernel_per_ws: 100
hidden_dim: 128
Elapsed: 22.2486s Converge: 1676080417752640745003140303588049492666544646985611214848.000000 Train: 1.35304 Valid: 1.37300 Test: 1.37144
Elapsed: 24.5959s Converge: 0.613079 Train: 0.83228 Valid: 0.87894 Test: 0.87877
Elapsed: 21.9336s Converge: 0.267924 Train: 0.78370 Valid: 0.83731 Test: 0.83735
Elapsed: 19.4894s Converge: 0.086020 Train: 0.76824 Valid: 0.82671 Test: 0.82679
Elapsed: 20.5811s Converge: 0.046205 Train: 0.75988 Valid: 0.82119 Test: 0.82119
Elapsed: 18.7434s Converge: 0.031013 Train: 0.75526 Valid: 0.81834 Test: 0.81835
Elapsed: 18.9286s Converge: 0.023232 Train: 0.75011 Valid: 0.81449 Test: 0.81441
Elapsed: 20.4440s Converge: 0.017926 Train: 0.74616 Valid: 0.81133 Test: 0.81117
Elapsed: 19.1257s Converge: 0.016553 Train: 0.74272 Valid: 0.80830 Test: 0.80811
Elapsed: 18.7368s Converge: 0.016526 Train: 0.73952 Valid: 0.80541 Test: 0.80515
Elapsed: 20.3025s Converge: 0.015073 Train: 0.73683 Valid: 0.80305 Test: 0.80276
Elapsed: 19.5097s Converge: 0.013783 Train: 0.73490 Valid: 0.80133 Test: 0.80104
Elapsed: 19.1825s Converge: 0.012855 Train: 0.73369 Valid: 0.80038 Test: 0.80010
Elapsed: 20.4753s Converge: 0.012902 Train: 0.73191 Valid: 0.79904 Test: 0.79878
Elapsed: 19.1849s Converge: 0.011943 Train: 0.73099 Valid: 0.79846 Test: 0.79824
Elapsed: 19.1625s Converge: 0.010570 Train: 0.73024 Valid: 0.79788 Test: 0.79766
Elapsed: 20.5735s Converge: 0.011592 Train: 0.72860 Valid: 0.79701 Test: 0.79687
Elapsed: 19.0553s Converge: 0.010468 Train: 0.72739 Valid: 0.79635 Test: 0.79620
Elapsed: 18.8746s Converge: 0.009216 Train: 0.72689 Valid: 0.79630 Test: 0.79622
Elapsed: 20.0571s Converge: 0.008729 Train: 0.72593 Valid: 0.79582 Test: 0.79575
Elapsed: 20.0621s Converge: 0.008137 Train: 0.72504 Valid: 0.79539 Test: 0.79537
Elapsed: 21.2180s Converge: 0.009818 Train: 0.72305 Valid: 0.79473 Test: 0.79475
Elapsed: 19.7578s Converge: 0.008104 Train: 0.72199 Valid: 0.79453 Test: 0.79451
Elapsed: 18.8160s Converge: 0.008457 Train: 0.72054 Valid: 0.79422 Test: 0.79426
Elapsed: 20.2973s Converge: 0.008684 Train: 0.71864 Valid: 0.79404 Test: 0.79406
Elapsed: 18.4496s Converge: 0.007345 Train: 0.71729 Valid: 0.79417 Test: 0.79418
Elapsed: 18.9481s Converge: 0.007972 Train: 0.71545 Valid: 0.79413 Test: 0.79412
Elapsed: 20.2604s Converge: 0.006266 Train: 0.71440 Valid: 0.79408 Test: 0.79418
Elapsed: 18.4754s Converge: 0.006076 Train: 0.71330 Valid: 0.79417 Test: 0.79422
Elapsed: 19.7552s Converge: 0.007268 Train: 0.71139 Valid: 0.79404 Test: 0.79405
Elapsed: 19.4999s Converge: 0.005493 Train: 0.71037 Valid: 0.79431 Test: 0.79432
Elapsed: 18.5520s Converge: 0.004807 Train: 0.70955 Valid: 0.79446 Test: 0.79443
Elapsed: 19.7356s Converge: 0.004281 Train: 0.70884 Valid: 0.79468 Test: 0.79461


Best Model: Train: 0.71139 Valid: 0.79404 Test: 0.79405
