lambda_u: 100.00, lambda_v: 10.00, dimension: 64, dropout_rate: 0.20, emb_dim: 128, max_len: 300, model_type: ResNet
n_filters: 100
hidden_dim: 128
Elapsed: 5.2203s Converge: 62893322418365451982587582918063593251605606899149438976.000000 Train: 0.90672 Valid: 0.95525 Test: 0.95035
Elapsed: 4.4070s Converge: 0.060759 Train: 0.89093 Valid: 0.92695 Test: 0.92160
Elapsed: 4.7105s Converge: 0.067072 Train: 0.87309 Valid: 0.90803 Test: 0.90153
Elapsed: 4.4039s Converge: 0.037979 Train: 0.87031 Valid: 0.90378 Test: 0.89748
Elapsed: 4.2261s Converge: 0.049576 Train: 0.85968 Valid: 0.89233 Test: 0.88615
Elapsed: 4.4719s Converge: 0.031332 Train: 0.85407 Valid: 0.88747 Test: 0.88124
Elapsed: 4.4818s Converge: 0.024511 Train: 0.85015 Valid: 0.88408 Test: 0.87804
Elapsed: 4.4781s Converge: 0.022356 Train: 0.84730 Valid: 0.88131 Test: 0.87499
Elapsed: 4.6451s Converge: 0.022643 Train: 0.84778 Valid: 0.88134 Test: 0.87513
Elapsed: 4.4120s Converge: 0.026576 Train: 0.84262 Valid: 0.87760 Test: 0.87117
Elapsed: 4.2520s Converge: 0.015222 Train: 0.84360 Valid: 0.87883 Test: 0.87302
Elapsed: 4.3076s Converge: 0.019510 Train: 0.84071 Valid: 0.87614 Test: 0.86952
Elapsed: 4.2294s Converge: 0.017391 Train: 0.83961 Valid: 0.87733 Test: 0.87103
Elapsed: 4.1969s Converge: 0.015875 Train: 0.83689 Valid: 0.87463 Test: 0.86819
Elapsed: 4.2299s Converge: 0.007547 Train: 0.84147 Valid: 0.87984 Test: 0.87367
Elapsed: 4.2604s Converge: 0.031373 Train: 0.83141 Valid: 0.87227 Test: 0.86583
Elapsed: 4.2019s Converge: 0.001220 Train: 0.83588 Valid: 0.87732 Test: 0.87105


Best Model: Train: 0.83141 Valid: 0.87227 Test: 0.86583
